<?xml version="1.0" encoding="UTF-8"?>
<!-- Generated by org.testng.reporters.JUnitReportReporter -->
<testsuite hostname="DESKTOP-L8H97O0" failures="0" tests="1" name="magTest.Test" time="119.182" errors="0" timestamp="2025-02-07T16:29:07 IST" skipped="0">
  <testcase classname="magTest.Test" name="Login" time="119.182"/>
  <system-out/>
</testsuite> <!-- magTest.Test -->
